<?xml version="1.0" encoding="UTF-8"?>
<!-- Generated by org.testng.reporters.JUnitXMLReporter -->
<testsuite hostname="admin-PC" ignored="5" name="ChromeTest" tests="3" failures="0" timestamp="17 Apr 2018 05:47:02 GMT" time="38.123" errors="0">
  <testcase name="verifylogin" time="2.82" classname="com.pagelibrary.com.ranford.TestExecution"/>
  <testcase name="Verify_Admin" time="1.285" classname="com.pagelibrary.com.ranford.TestExecution"/>
  <testcase name="verify_RolesPage" time="0.707" classname="com.pagelibrary.com.ranford.TestExecution"/>
  <testcase name="excelcontent1" time="0.0" classname="com.pagelibrary.com.ranford.TestExecution">
    <ignored/>
  </testcase> <!-- excelcontent1 -->
  <testcase name="Verify_EmployeePage" time="0.0" classname="com.pagelibrary.com.ranford.TestExecution">
    <ignored/>
  </testcase> <!-- Verify_EmployeePage -->
  <testcase name="excelcontent" time="0.0" classname="com.pagelibrary.com.ranford.TestExecution">
    <ignored/>
  </testcase> <!-- excelcontent -->
  <testcase name="Verify_BranchesSearch" time="0.0" classname="com.pagelibrary.com.ranford.TestExecution">
    <ignored/>
  </testcase> <!-- Verify_BranchesSearch -->
  <testcase name="excelcontent2" time="0.0" classname="com.pagelibrary.com.ranford.TestExecution">
    <ignored/>
  </testcase> <!-- excelcontent2 -->
</testsuite> <!-- ChromeTest -->
