<?xml version="1.0" encoding="UTF-8"?>
<!-- Generated by org.testng.reporters.JUnitXMLReporter -->
<testsuite hostname="admin-PC" ignored="1" name="FirefoxTest" tests="7" failures="0" timestamp="17 Apr 2018 05:48:25 GMT" time="82.545" errors="0">
  <testcase name="verifylogin" time="4.56" classname="com.pagelibrary.com.ranford.TestExecution"/>
  <testcase name="Verify_Admin" time="0.77" classname="com.pagelibrary.com.ranford.TestExecution"/>
  <testcase name="excelcontent" time="14.693" classname="com.pagelibrary.com.ranford.TestExecution"/>
  <testcase name="verify_RolesPage" time="0.614" classname="com.pagelibrary.com.ranford.TestExecution"/>
  <testcase name="excelcontent1" time="4.997" classname="com.pagelibrary.com.ranford.TestExecution"/>
  <testcase name="Verify_EmployeePage" time="1.677" classname="com.pagelibrary.com.ranford.TestExecution"/>
  <testcase name="excelcontent2" time="15.944" classname="com.pagelibrary.com.ranford.TestExecution"/>
  <testcase name="Verify_BranchesSearch" time="0.0" classname="com.pagelibrary.com.ranford.TestExecution">
    <ignored/>
  </testcase> <!-- Verify_BranchesSearch -->
</testsuite> <!-- FirefoxTest -->
